<?xml version="1.0" encoding="UTF-8"?>
<!-- Generated by org.testng.reporters.JUnitReportReporter -->
<testsuite skipped="0" hostname="Acer" name="com.projectName.qa.base.IndexPageTest" tests="6" failures="0" timestamp="2020-12-27T16:49:17 IST" time="132.455" errors="0">
  <testcase name="clickSignInLinkTest" time="28.116" classname="com.projectName.qa.base.IndexPageTest"/>
  <system-out/>
  <testcase name="LogoTest" time="13.779" classname="com.projectName.qa.base.IndexPageTest"/>
  <system-out/>
  <testcase name="validateClickcontactusLinkTest" time="18.969" classname="com.projectName.qa.base.IndexPageTest"/>
  <system-out/>
  <testcase name="validatecontactUsLinkTest" time="41.820" classname="com.projectName.qa.base.IndexPageTest"/>
  <system-out/>
  <testcase name="signInLinkTest" time="14.539" classname="com.projectName.qa.base.IndexPageTest"/>
  <system-out/>
  <testcase name="ImageTest" time="15.232" classname="com.projectName.qa.base.IndexPageTest"/>
  <system-out/>
</testsuite> <!-- com.projectName.qa.base.IndexPageTest -->
