<?xml version="1.0" encoding="UTF-8"?>
<!-- Generated by org.testng.reporters.JUnitReportReporter -->
<testsuite skipped="0" hostname="Acer" name="com.projectName.qa.base.LoginPageTest" tests="1" failures="0" timestamp="2020-12-25T14:45:05 IST" time="38.044" errors="0">
  <testcase name="validateAuthlabelTest" time="38.044" classname="com.projectName.qa.base.LoginPageTest"/>
  <system-out/>
</testsuite> <!-- com.projectName.qa.base.LoginPageTest -->
