<?xml version="1.0" encoding="UTF-8"?>
<!-- Generated by org.testng.reporters.JUnitReportReporter -->
<testsuite skipped="0" hostname="Acer" name="com.projectName.qa.base.AccountsPageTest" tests="1" failures="0" timestamp="2020-12-25T17:07:56 IST" time="34.590" errors="0">
  <testcase name="validateOrderHistoryTest" time="34.590" classname="com.projectName.qa.base.AccountsPageTest"/>
  <system-out/>
</testsuite> <!-- com.projectName.qa.base.AccountsPageTest -->
